<?xml version="1.0" encoding="UTF-8"?>
<!-- Generated by org.testng.reporters.JUnitReportReporter -->
<testsuite hostname="CHL119312" failures="0" tests="1" name="TestCases.Testcase_001_Login" time="14.624" errors="0" timestamp="2024-04-08T10:16:26 IST" skipped="0">
  <testcase classname="TestCases.Testcase_001_Login" name="runCreateLead" time="14.624"/>
  <system-out/>
</testsuite> <!-- TestCases.Testcase_001_Login -->
