<?xml version="1.0" encoding="UTF-8"?>
<!-- Generated by org.testng.reporters.JUnitReportReporter -->
<testsuite hostname="CHL119312" failures="0" tests="1" name="Testcase_001_CreateLead" time="14.298" errors="0" timestamp="2024-04-07T12:01:28 IST" skipped="0">
  <testcase classname="Testcase_001_CreateLead" name="runCreateLead" time="14.298"/>
  <system-out/>
</testsuite> <!-- Testcase_001_CreateLead -->
