<?xml version="1.0" encoding="UTF-8"?>
<!-- Generated by org.testng.reporters.JUnitReportReporter -->
<testsuite hostname="CHL119312" failures="0" tests="1" name="Testcase_001_Login" time="0.997" errors="0" timestamp="2024-04-07T13:27:42 IST" skipped="0">
  <testcase classname="Testcase_001_Login" name="runCreateLead" time="0.997"/>
  <system-out/>
</testsuite> <!-- Testcase_001_Login -->
